821
14	8.0	6.0	5	2	0	13	2	0	6	3	1	2	1	5
18	10.0	8.0	1	2	4	7	0	2	14	2	0	8	1	1	3	5	1
16	12.0	4.0	2	5	1	8	1	1	9	0	0	15	2	0	10	1	1	4	3	1
10	8.0	2.0	3	5	1	11	0	0	16	2	0	12	1	1
14	9.0	5.0	1	5	5	17	1	0	18	0	0	19	1	0	20	0	0	13	2	0
16	8.0	8.0	1	5	5	7	0	2	26	0	1	25	1	0	13	2	0
20	13.0	7.0	6	3	1	2	10	4	27	0	1	28	0	1	29	0	0
30	19.0	11.0	2	7	7	3	9	3	14	1	1	36	0	0	35	1	0	34	1	0
14	10.0	4.0	3	10	4	37	0	0	38	0	0
14	11.0	3.0	3	10	2	43	0	1	44	0	0	45	1	0
10	8.0	2.0	4	8	2	46	0	0	47	0	0	48	0	0
10	8.0	2.0	4	7	1	55	0	0	56	0	0	57	0	1	58	0	0	59	0	0	60	1	0
25	12.0	13.0	1	4	6	6	4	7	5	2	0	21	0	0	22	1	0	23	0	0	24	1	0
18	10.0	8.0	2	8	6	8	1	1	30	0	0	31	0	0	32	0	1	33	1	0
16	11.0	5.0	3	8	4	16	2	0	39	1	0	40	0	0	41	0	1	42	0	0
12	9.0	3.0	4	6	2	15	2	0	49	0	0	50	1	0	51	0	0	52	0	0	53	0	0	54	0	1
11	6.0	5.0	5	6	5	18	0	0
13	7.0	6.0	17	0	1	5	7	5
11	6.0	5.0	5	6	5
12	7.0	5.0	5	7	5
13	9.0	4.0	13	9	4
12	8.0	4.0	13	8	4	23	0	0
14	7.0	7.0	13	7	6	22	0	1
12	6.0	6.0	13	6	6
12	5.0	7.0	6	5	7
12	6.0	6.0	6	6	6
17	10.0	7.0	7	10	7
17	10.0	7.0	7	10	7
18	11.0	7.0	7	11	7
16	8.0	8.0	14	8	8
16	10.0	6.0	14	10	6
15	9.0	6.0	14	9	6
15	7.0	8.0	14	7	8
19	11.0	8.0	8	11	8
19	11.0	8.0	8	11	8
20	11.0	9.0	8	11	9
14	11.0	3.0	9	11	3
14	9.0	5.0	9	9	5
13	9.0	4.0	15	9	4	40	0	0
15	11.0	4.0	15	10	4
13	9.0	4.0	15	9	4
14	9.0	5.0	15	9	5
13	10.0	3.0	10	10	3
15	11.0	4.0	10	10	4	45	1	0
13	9.0	4.0	10	9	4	44	0	0
10	5.0	5.0	11	5	5
10	5.0	5.0	11	5	5
10	5.0	5.0	11	5	5
10	7.0	3.0	16	7	3
9	7.0	2.0	16	7	2
10	7.0	3.0	16	7	3
10	7.0	3.0	16	7	3	53	0	0
10	7.0	3.0	16	7	3	52	0	0
9	7.0	2.0	16	7	2
10	8.0	2.0	12	8	2
10	8.0	2.0	12	8	2
9	8.0	1.0	12	8	1
10	8.0	2.0	12	8	2
10	8.0	2.0	12	8	2
9	6.0	3.0	12	6	3
